Assembler report for Optional
Fri Jun 09 19:28:02 2023
Quartus II Version 9.0 Build 235 06/17/2009 Service Pack 2 SJ Web Edition


---------------------
; Table of Contents ;
---------------------
  1. Legal Notice
  2. Assembler Summary
  3. Assembler Settings
  4. Assembler Generated Files
  5. Assembler Device Options: D:/Semi2/VLSI/HW4/61147046S_HW4/Optional/Optional.sof
  6. Assembler Device Options: D:/Semi2/VLSI/HW4/61147046S_HW4/Optional/Optional.pof
  7. Assembler Messages



----------------
; Legal Notice ;
----------------
Copyright (C) 1991-2009 Altera Corporation
Your use of Altera Corporation's design tools, logic functions 
and other software and tools, and its AMPP partner logic 
functions, and any output files from any of the foregoing 
(including device programming or simulation files), and any 
associated documentation or information are expressly subject 
to the terms and conditions of the Altera Program License 
Subscription Agreement, Altera MegaCore Function License 
Agreement, or other applicable license agreement, including, 
without limitation, that your use is for the sole purpose of 
programming logic devices manufactured by Altera and sold by 
Altera or its authorized distributors.  Please refer to the 
applicable agreement for further details.



+---------------------------------------------------------------+
; Assembler Summary                                             ;
+-----------------------+---------------------------------------+
; Assembler Status      ; Successful - Fri Jun 09 19:28:02 2023 ;
; Revision Name         ; Optional                              ;
; Top-level Entity Name ; Optional                              ;
; Family                ; Stratix II                            ;
; Device                ; EP2S15F484C3                          ;
+-----------------------+---------------------------------------+


+--------------------------------------------------------------------------------------------------------+
; Assembler Settings                                                                                     ;
+-----------------------------------------------------------------------------+----------+---------------+
; Option                                                                      ; Setting  ; Default Value ;
+-----------------------------------------------------------------------------+----------+---------------+
; Use smart compilation                                                       ; Off      ; Off           ;
; Generate compressed bitstreams                                              ; On       ; On            ;
; Compression mode                                                            ; Off      ; Off           ;
; Clock source for configuration device                                       ; Internal ; Internal      ;
; Clock frequency of the configuration device                                 ; 10 MHZ   ; 10 MHz        ;
; Divide clock frequency by                                                   ; 1        ; 1             ;
; Auto user code                                                              ; Off      ; Off           ;
; Use configuration device                                                    ; On       ; On            ;
; Configuration device                                                        ; Auto     ; Auto          ;
; Configuration device auto user code                                         ; Off      ; Off           ;
; Generate Tabular Text File (.ttf) For Target Device                         ; Off      ; Off           ;
; Generate Raw Binary File (.rbf) For Target Device                           ; Off      ; Off           ;
; Generate Hexadecimal (Intel-Format) Output File (.hexout) for Target Device ; Off      ; Off           ;
; Hexadecimal Output File start address                                       ; 0        ; 0             ;
; Hexadecimal Output File count direction                                     ; Up       ; Up            ;
; Release clears before tri-states                                            ; Off      ; Off           ;
; Auto-restart configuration after error                                      ; On       ; On            ;
; Maintain Compatibility with All Stratix II MRAM Versions                    ; Off      ; Off           ;
; Use Checkered Pattern as Uninitialized RAM Content                          ; Off      ; Off           ;
; Generate Serial Vector Format File (.svf) for Target Device                 ; Off      ; Off           ;
; Generate a JEDEC STAPL Format File (.jam) for Target Device                 ; Off      ; Off           ;
; Generate a compressed Jam STAPL Byte Code 2.0 File (.jbc) for Target Device ; Off      ; Off           ;
; Generate a compressed Jam STAPL Byte Code 2.0 File (.jbc) for Target Device ; On       ; On            ;
+-----------------------------------------------------------------------------+----------+---------------+


+-------------------------------------------------------+
; Assembler Generated Files                             ;
+-------------------------------------------------------+
; File Name                                             ;
+-------------------------------------------------------+
; D:/Semi2/VLSI/HW4/61147046S_HW4/Optional/Optional.sof ;
; D:/Semi2/VLSI/HW4/61147046S_HW4/Optional/Optional.pof ;
+-------------------------------------------------------+


+---------------------------------------------------------------------------------+
; Assembler Device Options: D:/Semi2/VLSI/HW4/61147046S_HW4/Optional/Optional.sof ;
+----------------+----------------------------------------------------------------+
; Option         ; Setting                                                        ;
+----------------+----------------------------------------------------------------+
; Device         ; EP2S15F484C3                                                   ;
; JTAG usercode  ; 0xFFFFFFFF                                                     ;
; Checksum       ; 0x003A39F5                                                     ;
+----------------+----------------------------------------------------------------+


+---------------------------------------------------------------------------------+
; Assembler Device Options: D:/Semi2/VLSI/HW4/61147046S_HW4/Optional/Optional.pof ;
+--------------------+------------------------------------------------------------+
; Option             ; Setting                                                    ;
+--------------------+------------------------------------------------------------+
; Device             ; EPC16                                                      ;
; JTAG usercode      ; 0xFFFFFFFF                                                 ;
; Checksum           ; 0x1EB5F8DF                                                 ;
; Compression Ratio  ; 2                                                          ;
+--------------------+------------------------------------------------------------+


+--------------------+
; Assembler Messages ;
+--------------------+
Info: *******************************************************************
Info: Running Quartus II Assembler
    Info: Version 9.0 Build 235 06/17/2009 Service Pack 2 SJ Web Edition
    Info: Processing started: Fri Jun 09 19:28:02 2023
Info: Command: quartus_asm --read_settings_files=off --write_settings_files=off Optional -c Optional
Info: Writing out detailed assembly data for power analysis
Info: Assembler is generating device programming files
Info: Quartus II Assembler was successful. 0 errors, 0 warnings
    Info: Peak virtual memory: 248 megabytes
    Info: Processing ended: Fri Jun 09 19:28:03 2023
    Info: Elapsed time: 00:00:01
    Info: Total CPU time (on all processors): 00:00:01


